<?xml version="1.0" encoding="UTF-8" ?>
<testsuite errors="0" failures="0" hostname="LT004109" name="nl.naturalis.nda.ejb.service.SpecimenServiceTest" skipped="0" tests="3" time="0.529" timestamp="2015-02-04T14:41:52">
  <properties>
    <property name="java.vendor" value="Oracle Corporation" />
    <property name="home" value="C:\Users\admin.ayco.holleman\git\naturalis_data_api" />
    <property name="sun.java.launcher" value="SUN_STANDARD" />
    <property name="javacSource" value="1.7" />
    <property name="eclipse.pdebuild.templates" value="/C:/Users/admin.ayco.holleman/eclipse/eclipse-luna-jee/plugins/org.eclipse.pde.build_3.9.0.v20140415-2029/templates/" />
    <property name="sun.management.compiler" value="HotSpot 64-Bit Tiered Compilers" />
    <property name="nl.naturalis.nda.service.rest.location" value="C:\Users\admin.ayco.holleman\git\naturalis_data_api\nl.naturalis.nda.service.rest" />
    <property name="os.name" value="Windows 7" />
    <property name="sun.boot.class.path" value="C:\Program Files\Java\jdk\8\jre\lib\resources.jar;C:\Program Files\Java\jdk\8\jre\lib\rt.jar;C:\Program Files\Java\jdk\8\jre\lib\sunrsasign.jar;C:\Program Files\Java\jdk\8\jre\lib\jsse.jar;C:\Program Files\Java\jdk\8\jre\lib\jce.jar;C:\Program Files\Java\jdk\8\jre\lib\charsets.jar;C:\Program Files\Java\jdk\8\jre\lib\jfr.jar;C:\Program Files\Java\jdk\8\jre\classes" />
    <property name="TODAY" value="February 4 2015" />
    <property name="ant.file.type.common" value="file" />
    <property name="sun.desktop" value="windows" />
    <property name="ant.file.nl.naturalis.nda.ejb" value="C:\Users\admin.ayco.holleman\git\naturalis_data_api\nl.naturalis.nda.ejb\build.xml" />
    <property name="nl.naturalis.nda.build.location" value="C:\Users\admin.ayco.holleman\git\naturalis_data_api\nl.naturalis.nda.build" />
    <property name="java.vm.specification.vendor" value="Oracle Corporation" />
    <property name="ant.home" value="C:\Users\admin.ayco.holleman\eclipse\eclipse-luna-jee\plugins\org.apache.ant_1.9.2.v201404171502" />
    <property name="java.runtime.version" value="1.8.0_25-b18" />
    <property name="nl.naturalis.nda.domain.location" value="C:\Users\admin.ayco.holleman\git\naturalis_data_api\nl.naturalis.nda.domain" />
    <property name="user.name" value="admin.ayco.holleman" />
    <property name="user.language" value="nl" />
    <property name="sun.boot.library.path" value="C:\Program Files\Java\jdk\8\jre\bin" />
    <property name="ant.file.nl.naturalis.nda.build" value="C:\Users\admin.ayco.holleman\git\naturalis_data_api\nl.naturalis.nda.build\build.xml" />
    <property name="ant.project.default-target" value="build" />
    <property name="ant.project.name" value="nl.naturalis.nda.ejb" />
    <property name="DSTAMP" value="20150204" />
    <property name="java.version" value="1.8.0_25" />
    <property name="user.timezone" value="Europe/Berlin" />
    <property name="sun.arch.data.model" value="64" />
    <property name="java.endorsed.dirs" value="C:\Program Files\Java\jdk\8\jre\lib\endorsed" />
    <property name="sun.cpu.isalist" value="amd64" />
    <property name="sun.jnu.encoding" value="Cp1252" />
    <property name="file.encoding.pkg" value="sun.io" />
    <property name="file.separator" value="\" />
    <property name="java.specification.name" value="Java Platform API Specification" />
    <property name="java.class.version" value="52.0" />
    <property name="ant.file.type.nl.naturalis.nda.ejb" value="file" />
    <property name="user.country" value="NL" />
    <property name="java.home" value="C:\Program Files\Java\jdk\8\jre" />
    <property name="java.vm.info" value="mixed mode" />
    <property name="ant.file" value="C:\Users\admin.ayco.holleman\git\naturalis_data_api\nl.naturalis.nda.ejb\build.xml" />
    <property name="os.version" value="6.1" />
    <property name="wildfly.home" value="C:/Users/admin.ayco.holleman/lib/java/wildfly-8.2.0.Final" />
    <property name="path.separator" value=";" />
    <property name="java.vm.version" value="25.25-b02" />
    <property name="user.variant" value="" />
    <property name="ant.library.dir" value="C:\Users\admin.ayco.holleman\eclipse\eclipse-luna-jee\plugins\org.apache.ant_1.9.2.v201404171502\lib" />
    <property name="java.awt.printerjob" value="sun.awt.windows.WPrinterJob" />
    <property name="sun.io.unicode.encoding" value="UnicodeLittle" />
    <property name="awt.toolkit" value="sun.awt.windows.WToolkit" />
    <property name="ant.file.type.nl.naturalis.nda.build" value="file" />
    <property name="user.script" value="" />
    <property name="eclipse.pdebuild.scripts" value="/C:/Users/admin.ayco.holleman/eclipse/eclipse-luna-jee/plugins/org.eclipse.pde.build_3.9.0.v20140415-2029/scripts/" />
    <property name="user.home" value="C:\Users\admin.ayco.holleman" />
    <property name="java.specification.vendor" value="Oracle Corporation" />
    <property name="nl.naturalis.nda.client.location" value="C:\Users\admin.ayco.holleman\git\naturalis_data_api\nl.naturalis.nda.client" />
    <property name="java.library.path" value="C:\Users\admin.ayco.holleman\eclipse\eclipse-luna-jee;C:\Windows\Sun\Java\bin;C:\Windows\system32;C:\Windows;C:/Program Files/Java/jre/8/bin/server;C:/Program Files/Java/jre/8/bin;C:/Program Files/Java/jre/8/lib/amd64;C:\ProgramData\Oracle\Java\javapath;C:\Windows\system32;C:\Windows;C:\Windows\System32\Wbem;C:\Windows\System32\WindowsPowerShell\v1.0\;C:\Program Files\TortoiseSVN\bin;C:\Program Files\Java\jdk\8\bin;C:\wamp\bin\mysql\mysql5.5.24\bin;C:\wamp\bin\php\php5.4.3;C:\Program Files\ImageMagick-6.8.6-Q16;C:\Users\admin.ayco.holleman\lib\java\apache-ant-1.9.3\bin;C:\Users\admin.ayco.holleman\lib\java\elasticsearch-1.3.4\bin;C:\Program Files\curl;C:\Windows\system32;C:\Windows;C:\Windows\System32\Wbem;C:\Windows\System32\WindowsPowerShell\v1.0\;C:\Program Files\TortoiseSVN\bin;C:\Program Files\Java\jdk\8\bin;C:\wamp\bin\mysql\mysql5.5.24\bin;C:\wamp\bin\php\php5.4.3;C:\Program Files\ImageMagick-6.8.6-Q16;C:\Users\admin.ayco.holleman\lib\java\apache-ant-1.9.3\bin;C:\Users\admin.ayco.holleman\lib\java\elasticsearch-1.3.4\bin;C:\Program Files\curl;C:\Program Files (x86)\Git\cmd;C:\Program Files (x86)\Git\bin\bin;C:\Program Files (x86)\Git\cmd;C:\Program Files (x86)\Git\bin;C:\Users\admin.ayco.holleman\lib\java\apache-maven-3.0.5\bin;C:\Users\admin.ayco.holleman\eclipse\eclipse-luna-jee;;.;C:\Users\admin.ayco.holleman\eclipse\eclipse-luna-jee\configuration\org.eclipse.osgi\676\0\.cp" />
    <property name="java.vendor.url" value="http://java.oracle.com/" />
    <property name="java.vm.vendor" value="Oracle Corporation" />
    <property name="java.runtime.name" value="Java(TM) SE Runtime Environment" />
    <property name="sun.java.command" value="org.eclipse.ant.internal.launching.remote.InternalAntRunner -Dorg.eclipse.ant.core.ANT_PROCESS_ID=1423060907355 -Declipse.connect.port=49704 -Declipse.pdebuild.home=/C:/Users/admin.ayco.holleman/eclipse/eclipse-luna-jee/plugins/org.eclipse.pde.build_3.9.0.v20140415-2029/./ -Declipse.pdebuild.scripts=/C:/Users/admin.ayco.holleman/eclipse/eclipse-luna-jee/plugins/org.eclipse.pde.build_3.9.0.v20140415-2029/scripts/ -Declipse.pdebuild.templates=/C:/Users/admin.ayco.holleman/eclipse/eclipse-luna-jee/plugins/org.eclipse.pde.build_3.9.0.v20140415-2029/templates/ -Dant.home=C:\Users\admin.ayco.holleman\eclipse\eclipse-luna-jee\plugins\org.apache.ant_1.9.2.v201404171502 -logger org.eclipse.ant.internal.launching.remote.logger.RemoteAntBuildLogger -inputhandler org.eclipse.ant.internal.ui.antsupport.inputhandler.ProxyInputHandler -buildfile C:\Users\admin.ayco.holleman\git\naturalis_data_api\nl.naturalis.nda.build\build.xml" />
    <property name="java.class.path" value="C:\Users\admin.ayco.holleman\eclipse\eclipse-luna-jee\plugins\org.apache.ant_1.9.2.v201404171502\lib\ant-antlr.jar;C:\Users\admin.ayco.holleman\eclipse\eclipse-luna-jee\plugins\org.apache.ant_1.9.2.v201404171502\lib\ant-apache-bcel.jar;C:\Users\admin.ayco.holleman\eclipse\eclipse-luna-jee\plugins\org.apache.ant_1.9.2.v201404171502\lib\ant-apache-bsf.jar;C:\Users\admin.ayco.holleman\eclipse\eclipse-luna-jee\plugins\org.apache.ant_1.9.2.v201404171502\lib\ant-apache-log4j.jar;C:\Users\admin.ayco.holleman\eclipse\eclipse-luna-jee\plugins\org.apache.ant_1.9.2.v201404171502\lib\ant-apache-oro.jar;C:\Users\admin.ayco.holleman\eclipse\eclipse-luna-jee\plugins\org.apache.ant_1.9.2.v201404171502\lib\ant-apache-regexp.jar;C:\Users\admin.ayco.holleman\eclipse\eclipse-luna-jee\plugins\org.apache.ant_1.9.2.v201404171502\lib\ant-apache-resolver.jar;C:\Users\admin.ayco.holleman\eclipse\eclipse-luna-jee\plugins\org.apache.ant_1.9.2.v201404171502\lib\ant-apache-xalan2.jar;C:\Users\admin.ayco.holleman\eclipse\eclipse-luna-jee\plugins\org.apache.ant_1.9.2.v201404171502\lib\ant-commons-logging.jar;C:\Users\admin.ayco.holleman\eclipse\eclipse-luna-jee\plugins\org.apache.ant_1.9.2.v201404171502\lib\ant-commons-net.jar;C:\Users\admin.ayco.holleman\eclipse\eclipse-luna-jee\plugins\org.apache.ant_1.9.2.v201404171502\lib\ant-jai.jar;C:\Users\admin.ayco.holleman\eclipse\eclipse-luna-jee\plugins\org.apache.ant_1.9.2.v201404171502\lib\ant-javamail.jar;C:\Users\admin.ayco.holleman\eclipse\eclipse-luna-jee\plugins\org.apache.ant_1.9.2.v201404171502\lib\ant-jdepend.jar;C:\Users\admin.ayco.holleman\eclipse\eclipse-luna-jee\plugins\org.apache.ant_1.9.2.v201404171502\lib\ant-jmf.jar;C:\Users\admin.ayco.holleman\eclipse\eclipse-luna-jee\plugins\org.apache.ant_1.9.2.v201404171502\lib\ant-jsch.jar;C:\Users\admin.ayco.holleman\eclipse\eclipse-luna-jee\plugins\org.apache.ant_1.9.2.v201404171502\lib\ant-junit.jar;C:\Users\admin.ayco.holleman\eclipse\eclipse-luna-jee\plugins\org.apache.ant_1.9.2.v201404171502\lib\ant-junit4.jar;C:\Users\admin.ayco.holleman\eclipse\eclipse-luna-jee\plugins\org.apache.ant_1.9.2.v201404171502\lib\ant-launcher.jar;C:\Users\admin.ayco.holleman\eclipse\eclipse-luna-jee\plugins\org.apache.ant_1.9.2.v201404171502\lib\ant-netrexx.jar;C:\Users\admin.ayco.holleman\eclipse\eclipse-luna-jee\plugins\org.apache.ant_1.9.2.v201404171502\lib\ant-swing.jar;C:\Users\admin.ayco.holleman\eclipse\eclipse-luna-jee\plugins\org.apache.ant_1.9.2.v201404171502\lib\ant-testutil.jar;C:\Users\admin.ayco.holleman\eclipse\eclipse-luna-jee\plugins\org.apache.ant_1.9.2.v201404171502\lib\ant.jar;C:\Users\admin.ayco.holleman\eclipse\eclipse-luna-jee\configuration\org.eclipse.osgi\64\0\.cp\lib\antdebug.jar;C:\Users\admin.ayco.holleman\eclipse\eclipse-luna-jee\configuration\org.eclipse.osgi\64\0\.cp\lib\remote.jar;C:\Users\admin.ayco.holleman\eclipse\eclipse-luna-jee\configuration\org.eclipse.osgi\65\0\.cp\lib\remoteAnt.jar;C:\Program Files\Java\jdk\8\lib\tools.jar;C:\Users\admin.ayco.holleman\eclipse\eclipse-luna-jee\plugins\org.eclipse.swt.win32.win32.x86_64_3.103.1.v20140903-1947.jar;C:\Users\admin.ayco.holleman\eclipse\eclipse-luna-jee\plugins\org.jboss.tools.xulrunner.initializer_3.6.1.Final-v20141209-0344-B84.jar" />
    <property name="ant.version" value="Apache Ant(TM) version 1.9.2 compiled on July 8 2013" />
    <property name="TSTAMP" value="1541" />
    <property name="javacTarget" value="1.7" />
    <property name="java.vm.specification.name" value="Java Virtual Machine Specification" />
    <property name="java.vm.specification.version" value="1.8" />
    <property name="sun.cpu.endian" value="little" />
    <property name="sun.os.patch.level" value="Service Pack 1" />
    <property name="eclipse.pdebuild.home" value="/C:/Users/admin.ayco.holleman/eclipse/eclipse-luna-jee/plugins/org.eclipse.pde.build_3.9.0.v20140415-2029/./" />
    <property name="java.io.tmpdir" value="C:\Users\ADMINA~1.HOL\AppData\Local\Temp\" />
    <property name="java.vendor.url.bug" value="http://bugreport.sun.com/bugreport/" />
    <property name="ant.file.common" value="C:\Users\admin.ayco.holleman\git\naturalis_data_api\nl.naturalis.nda.build\common.xml" />
    <property name="java.awt.graphicsenv" value="sun.awt.Win32GraphicsEnvironment" />
    <property name="os.arch" value="amd64" />
    <property name="java.ext.dirs" value="C:\Program Files\Java\jdk\8\jre\lib\ext;C:\Windows\Sun\Java\lib\ext" />
    <property name="user.dir" value="C:\Users\admin.ayco.holleman\git\naturalis_data_api\nl.naturalis.nda.build" />
    <property name="line.separator" value="&#xd;&#xa;" />
    <property name="java.vm.name" value="Java HotSpot(TM) 64-Bit Server VM" />
    <property name="nl.naturalis.nda.ear.location" value="C:\Users\admin.ayco.holleman\git\naturalis_data_api\nl.naturalis.nda.ear" />
    <property name="basedir" value="C:\Users\admin.ayco.holleman\git\naturalis_data_api\nl.naturalis.nda.ejb" />
    <property name="ant.java.version" value="1.8" />
    <property name="ant.core.lib" value="C:\Users\admin.ayco.holleman\eclipse\eclipse-luna-jee\plugins\org.apache.ant_1.9.2.v201404171502\lib\ant.jar" />
    <property name="now" value="2015_02_04___15_41_49" />
    <property name="file.encoding" value="UTF-8" />
    <property name="javacDebugLevel" value="source,lines,vars" />
    <property name="nl.naturalis.nda.ejb.location" value="C:\Users\admin.ayco.holleman\git\naturalis_data_api\nl.naturalis.nda.ejb" />
    <property name="java.specification.version" value="1.8" />
    <property name="ant.project.invoked-targets" value="build" />
  </properties>
  <testcase classname="nl.naturalis.nda.ejb.service.SpecimenServiceTest" name="test" time="0.002" />
  <testcase classname="nl.naturalis.nda.ejb.service.SpecimenServiceTest" name="test2" time="0.0" />
  <testcase classname="nl.naturalis.nda.ejb.service.SpecimenServiceTest" name="test3" time="0.0" />
  <system-out><![CDATA[]]></system-out>
  <system-err><![CDATA[]]></system-err>
</testsuite>
